<?xml version="1.0" encoding="UTF-8"?>
<!-- Generated by org.testng.reporters.JUnitReportReporter -->
<testsuite hostname="000D202209" failures="0" tests="1" name="webtool.tests.Login" time="15.884" errors="0" timestamp="2024-02-20T15:53:48 SGT" skipped="0">
  <testcase classname="webtool.tests.Login" name="login" time="15.884"/>
</testsuite> <!-- webtool.tests.Login -->
