<?xml version="1.0" encoding="UTF-8"?>
<!-- Generated by org.testng.reporters.JUnitReportReporter -->
<testsuite hostname="000D202209" failures="0" tests="3" name="webtool.tests.Remittance" time="22.256" errors="0" timestamp="2024-02-29T08:47:40 SGT" skipped="0">
  <testcase classname="webtool.tests.Remittance" name="validateRemittancePageRedirection" time="7.508"/>
  <testcase classname="webtool.tests.Remittance" name="validateRemittanceRunnerPageRedirection" time="7.507"/>
  <testcase classname="webtool.tests.Remittance" name="validateListOfModulesInRemittance" time="7.241"/>
</testsuite> <!-- webtool.tests.Remittance -->
