<?xml version="1.0" encoding="UTF-8"?>
<!-- Generated by org.testng.reporters.JUnitReportReporter -->
<testsuite hostname="000D202209" failures="0" tests="8" name="webtool.tests.Seller" time="69.570" errors="0" timestamp="2024-02-29T08:47:40 SGT" skipped="0">
  <testcase classname="webtool.tests.Seller" name="validateCLusterAssignmentForNonFood" time="6.457"/>
  <testcase classname="webtool.tests.Seller" name="validateCLusterAssignmentForNonFood" time="7.964"/>
  <testcase classname="webtool.tests.Seller" name="validateCLusterAssignmentForNonFood" time="7.227"/>
  <testcase classname="webtool.tests.Seller" name="validateClusterAssignmentForFood" time="8.110"/>
  <testcase classname="webtool.tests.Seller" name="validateClusterAssignmentForFood" time="8.141"/>
  <testcase classname="webtool.tests.Seller" name="validateCLusterAssignmentForNonFood" time="17.083"/>
  <testcase classname="webtool.tests.Seller" name="validateCLusterAssignmentForNonFood" time="6.177"/>
  <testcase classname="webtool.tests.Seller" name="validateCLusterAssignmentForNonFood" time="8.411"/>
</testsuite> <!-- webtool.tests.Seller -->
